#
# A fatal error has been detected by the Java Runtime Environment:
#
#  EXCEPTION_ACCESS_VIOLATION (0xc0000005) at pc=0x000000006c132692, pid=1344, tid=4708
#
# JRE version: Java(TM) SE Runtime Environment (8.0_45-b15) (build 1.8.0_45-b15)
# Java VM: Java HotSpot(TM) 64-Bit Server VM (25.45-b02 mixed mode windows-amd64 compressed oops)
# Problematic frame:
# V  [jvm.dll+0x112692]
#
# Failed to write core dump. Minidumps are not enabled by default on client versions of Windows
#
# If you would like to submit a bug report, please visit:
#   http://bugreport.java.com/bugreport/crash.jsp
#

---------------  T H R E A D  ---------------

Current thread (0x00000000021cb000):  GCTaskThread [stack: 0x0000000002290000,0x0000000002390000] [id=4708]

siginfo: ExceptionCode=0xc0000005, reading address 0xffffffffffffffff

Registers:
RAX=0x0000000012690000, RBX=0x0000000000400000, RCX=0x0000000000000000, RDX=0x00000000c094cb38
RSP=0x000000000238f910, RBP=0x0000000014895d28, RSI=0x00000000551f51b0, RDI=0x00000000551f51b0
R8 =0x0000000000000000, R9 =0x007fffffffa02000, R10=0x000000000000000c, R11=0x000000000000011f
R12=0x000000006c665c28, R13=0x00000000021c31f0, R14=0x00000000021cb790, R15=0x0000000000000000
RIP=0x000000006c132692, EFLAGS=0x0000000000010246

Top of Stack: (sp=0x000000000238f910)
0x000000000238f910:   00000000c16b6698 000000006c132be6
0x000000000238f920:   00000000c16b66a0 00000000c16b6694
0x000000000238f930:   00000000c094cb34 000000006c1430d2
0x000000000238f940:   00000000c094cb20 00000000021cb790
0x000000000238f950:   00000000021c31f0 00000000551f51b0
0x000000000238f960:   00000000551f51b0 000000006c40f680
0x000000000238f970:   000000000000011e 000000000238fa89
0x000000000238f980:   00000000551f51b0 000000006c665c28
0x000000000238f990:   0000000055d30750 000000000238fa89
0x000000000238f9a0:   0000000000000000 0000000000000004
0x000000000238f9b0:   00000000551f51b0 000000006c131202
0x000000000238f9c0:   00000000c046b8e8 0000000000000000
0x000000000238f9d0:   0000000000000000 00000000021c31f0
0x000000000238f9e0:   00000000021cb7a0 00000000021cb790
0x000000000238f9f0:   000000006c665c28 00000000551f51b0
0x000000000238fa00:   0000000000000000 000000000238fa89 

Instructions: (pc=0x000000006c132692)
0x000000006c132672:   ca 19 6f 00 49 c1 e9 03 49 d3 e9 41 0f b6 c1 49
0x000000006c132682:   c1 e9 06 24 3f 44 0f b6 c0 48 8b 05 de 19 6f 00
0x000000006c132692:   4a 8b 0c c8 4c 0f a3 c1 72 17 48 8b cb e8 fc 6c
0x000000006c1326a2:   ff ff 84 c0 74 0b 48 8b d3 48 8b cf e8 2d ea ff 


Register to memory mapping:

RAX=0x0000000012690000 is an unknown value
RBX=0x0000000000400000 is an unknown value
RCX=0x0000000000000000 is an unknown value
RDX=0x00000000c094cb38 is pointing into object: 0x00000000c094cb20
java.lang.ref.WeakReference 
 - klass: 'java/lang/ref/WeakReference'
RSP=0x000000000238f910 is an unknown value
RBP=0x0000000014895d28 is pointing into metadata
RSI=0x00000000551f51b0 is an unknown value
RDI=0x00000000551f51b0 is an unknown value
R8 =0x0000000000000000 is an unknown value
R9 =0x007fffffffa02000 is an unknown value
R10=0x000000000000000c is an unknown value
R11=0x000000000000011f is an unknown value
R12=0x000000006c665c28 is an unknown value
R13=0x00000000021c31f0 is an unknown value
R14=0x00000000021cb790 is an unknown value
R15=0x0000000000000000 is an unknown value


Stack: [0x0000000002290000,0x0000000002390000],  sp=0x000000000238f910,  free space=1022k
Native frames: (J=compiled Java code, j=interpreted, Vv=VM code, C=native code)
V  [jvm.dll+0x112692]
V  [jvm.dll+0x1230d2]
V  [jvm.dll+0x3ef680]
V  [jvm.dll+0x3ec700]
V  [jvm.dll+0x3ea33e]
V  [jvm.dll+0x29853a]
C  [msvcr100.dll+0x21d9f]
C  [msvcr100.dll+0x21e3b]
C  [kernel32.dll+0x15a4d]
C  [ntdll.dll+0x2b831]


---------------  P R O C E S S  ---------------

Java Threads: ( => current thread )
  0x0000000057161800 JavaThread "pool-1-thread-16" [_thread_blocked, id=1996, stack(0x000000005ab70000,0x000000005ac70000)]
  0x0000000057161000 JavaThread "pool-1-thread-15" [_thread_blocked, id=2784, stack(0x000000005af00000,0x000000005b000000)]
  0x0000000057160000 JavaThread "pool-1-thread-14" [_thread_blocked, id=4152, stack(0x000000005acc0000,0x000000005adc0000)]
  0x000000005715f800 JavaThread "pool-1-thread-13" [_thread_blocked, id=3048, stack(0x000000005aa50000,0x000000005ab50000)]
  0x000000005715e800 JavaThread "pool-1-thread-12" [_thread_blocked, id=1784, stack(0x000000005a6d0000,0x000000005a7d0000)]
  0x000000005715e000 JavaThread "pool-1-thread-11" [_thread_blocked, id=3508, stack(0x000000005a510000,0x000000005a610000)]
  0x000000005715d000 JavaThread "pool-1-thread-10" [_thread_blocked, id=204, stack(0x0000000059c60000,0x0000000059d60000)]
  0x000000005715c800 JavaThread "pool-1-thread-9" [_thread_blocked, id=3976, stack(0x000000005a3d0000,0x000000005a4d0000)]
  0x000000005715b800 JavaThread "pool-1-thread-8" [_thread_blocked, id=4116, stack(0x000000005a2a0000,0x000000005a3a0000)]
  0x000000005715b000 JavaThread "pool-1-thread-7" [_thread_blocked, id=1564, stack(0x000000005a140000,0x000000005a240000)]
  0x000000005715a000 JavaThread "pool-1-thread-6" [_thread_blocked, id=4700, stack(0x000000005a020000,0x000000005a120000)]
  0x0000000057159800 JavaThread "pool-1-thread-5" [_thread_blocked, id=5052, stack(0x0000000059f20000,0x000000005a020000)]
  0x0000000057158800 JavaThread "pool-1-thread-4" [_thread_blocked, id=2472, stack(0x0000000059d90000,0x0000000059e90000)]
  0x0000000057158000 JavaThread "pool-1-thread-3" [_thread_blocked, id=3148, stack(0x0000000059ab0000,0x0000000059bb0000)]
  0x0000000057157000 JavaThread "pool-1-thread-2" [_thread_blocked, id=1264, stack(0x00000000597a0000,0x00000000598a0000)]
  0x0000000057156800 JavaThread "pool-1-thread-1" [_thread_blocked, id=2544, stack(0x0000000057e50000,0x0000000057f50000)]
  0x0000000057155800 JavaThread "com.google.common.base.internal.Finalizer" daemon [_thread_blocked, id=1220, stack(0x0000000057d50000,0x0000000057e50000)]
  0x0000000057155000 JavaThread "com.google.common.base.internal.Finalizer" daemon [_thread_blocked, id=4060, stack(0x0000000057a90000,0x0000000057b90000)]
  0x0000000056f4f000 JavaThread "Service Thread" daemon [_thread_blocked, id=4448, stack(0x0000000057950000,0x0000000057a50000)]
  0x0000000056ece000 JavaThread "C1 CompilerThread2" daemon [_thread_blocked, id=3752, stack(0x00000000574e0000,0x00000000575e0000)]
  0x0000000056ecb000 JavaThread "C2 CompilerThread1" daemon [_thread_blocked, id=2160, stack(0x0000000057770000,0x0000000057870000)]
  0x0000000056ec2000 JavaThread "C2 CompilerThread0" daemon [_thread_blocked, id=4836, stack(0x0000000057610000,0x0000000057710000)]
  0x0000000056ec1000 JavaThread "Attach Listener" daemon [_thread_blocked, id=4988, stack(0x0000000057360000,0x0000000057460000)]
  0x0000000056ebf800 JavaThread "Signal Dispatcher" daemon [_thread_blocked, id=1948, stack(0x0000000056c00000,0x0000000056d00000)]
  0x0000000055287000 JavaThread "Finalizer" daemon [_thread_blocked, id=3460, stack(0x0000000056d70000,0x0000000056e70000)]
  0x000000005527e000 JavaThread "Reference Handler" daemon [_thread_blocked, id=3320, stack(0x00000000568f0000,0x00000000569f0000)]
  0x0000000001c2e000 JavaThread "main" [_thread_blocked, id=5040, stack(0x0000000002550000,0x0000000002650000)]

Other Threads:
  0x0000000055278800 VMThread [stack: 0x0000000056ad0000,0x0000000056bd0000] [id=2508]
  0x0000000056f51800 WatcherThread [stack: 0x0000000057bd0000,0x0000000057cd0000] [id=4616]

=>0x00000000021cb000 (exited) GCTaskThread [stack: 0x0000000002290000,0x0000000002390000] [id=4708]

VM state:at safepoint (normal execution)

VM Mutex/Monitor currently owned by a thread:  ([mutex/lock_event])
[0x0000000001c2c750] Threads_lock - owner thread: 0x0000000055278800
[0x0000000001c2cc50] Heap_lock - owner thread: 0x000000005715b800

Heap:
 PSYoungGen      total 113664K, used 9662K [0x00000000eab00000, 0x00000000f4b80000, 0x0000000100000000)
  eden space 97792K, 0% used [0x00000000eab00000,0x00000000eab00000,0x00000000f0a80000)
  from space 15872K, 60% used [0x00000000f0a80000,0x00000000f13ef9f8,0x00000000f1a00000)
  to   space 15872K, 0% used [0x00000000f3c00000,0x00000000f3c00000,0x00000000f4b80000)
 ParOldGen       total 32768K, used 26450K [0x00000000c0000000, 0x00000000c2000000, 0x00000000eab00000)
  object space 32768K, 80% used [0x00000000c0000000,0x00000000c19d4a30,0x00000000c2000000)
 Metaspace       used 17242K, capacity 17332K, committed 17408K, reserved 1064960K
  class space    used 1998K, capacity 2040K, committed 2048K, reserved 1048576K

Card table byte_map: [0x0000000011ce0000,0x0000000011ef0000] byte_map_base: 0x00000000116e0000

Marking Bits: (ParMarkBitMap*) 0x000000006c824040
 Begin Bits: [0x0000000012690000, 0x0000000013690000)
 End Bits:   [0x0000000013690000, 0x0000000014690000)

Polling page: 0x0000000000430000

CodeCache: size=245760Kb used=11764Kb max_used=11764Kb free=233995Kb
 bounds [0x0000000002920000, 0x00000000034b0000, 0x0000000011920000]
 total_blobs=4416 nmethods=4066 adapters=261
 compilation: enabled

Compilation events (10 events):
Event: 2.794 Thread 0x0000000056ece000 nmethod 4084 0x00000000034a1150 code [0x00000000034a12c0, 0x00000000034a1528]
Event: 2.794 Thread 0x0000000056ece000 4076       3       com.adobe.flash.swf.builders.ShapeBuilder::straight (123 bytes)
Event: 2.795 Thread 0x0000000056ece000 nmethod 4076 0x00000000034a4850 code [0x00000000034a4a20, 0x00000000034a4ea8]
Event: 2.795 Thread 0x0000000056ece000 4085       3       java.lang.StrictMath::rint (33 bytes)
Event: 2.795 Thread 0x0000000056ece000 nmethod 4085 0x00000000034a50d0 code [0x00000000034a5280, 0x00000000034a5510]
Event: 2.795 Thread 0x0000000056ece000 4077       3       java.io.File::<init> (113 bytes)
Event: 2.796 Thread 0x0000000056ece000 nmethod 4077 0x00000000034a55d0 code [0x00000000034a5840, 0x00000000034a6528]
Event: 2.796 Thread 0x0000000056ece000 4086       3       com.adobe.flash.compiler.internal.scopes.EmptyDefinitionStore::createLargerStore (8 bytes)
Event: 2.796 Thread 0x0000000056ece000 nmethod 4086 0x00000000034a6b50 code [0x00000000034a6cc0, 0x00000000034a6f70]
Event: 2.796 Thread 0x0000000056ece000 4074       3       com.adobe.flash.utils.Point::<init> (15 bytes)

GC Heap History (10 events):
Event: 2.048 GC heap after
Heap after GC invocations=8 (full 1):
 PSYoungGen      total 73216K, used 7522K [0x00000000eab00000, 0x00000000f0800000, 0x0000000100000000)
  eden space 65536K, 0% used [0x00000000eab00000,0x00000000eab00000,0x00000000eeb00000)
  from space 7680K, 97% used [0x00000000eeb00000,0x00000000ef258bd0,0x00000000ef280000)
  to   space 8704K, 0% used [0x00000000eff80000,0x00000000eff80000,0x00000000f0800000)
 ParOldGen       total 32768K, used 11298K [0x00000000c0000000, 0x00000000c2000000, 0x00000000eab00000)
  object space 32768K, 34% used [0x00000000c0000000,0x00000000c0b08a98,0x00000000c2000000)
 Metaspace       used 15361K, capacity 15438K, committed 15488K, reserved 1062912K
  class space    used 1846K, capacity 1879K, committed 1920K, reserved 1048576K
}
Event: 2.277 GC heap before
{Heap before GC invocations=9 (full 1):
 PSYoungGen      total 73216K, used 73058K [0x00000000eab00000, 0x00000000f0800000, 0x0000000100000000)
  eden space 65536K, 100% used [0x00000000eab00000,0x00000000eeb00000,0x00000000eeb00000)
  from space 7680K, 97% used [0x00000000eeb00000,0x00000000ef258bd0,0x00000000ef280000)
  to   space 8704K, 0% used [0x00000000eff80000,0x00000000eff80000,0x00000000f0800000)
 ParOldGen       total 32768K, used 11298K [0x00000000c0000000, 0x00000000c2000000, 0x00000000eab00000)
  object space 32768K, 34% used [0x00000000c0000000,0x00000000c0b08a98,0x00000000c2000000)
 Metaspace       used 15882K, capacity 15982K, committed 16000K, reserved 1062912K
  class space    used 1874K, capacity 1911K, committed 1920K, reserved 1048576K
Event: 2.287 GC heap after
Heap after GC invocations=9 (full 1):
 PSYoungGen      total 84992K, used 8689K [0x00000000eab00000, 0x00000000f1f00000, 0x0000000100000000)
  eden space 76288K, 0% used [0x00000000eab00000,0x00000000eab00000,0x00000000ef580000)
  from space 8704K, 99% used [0x00000000eff80000,0x00000000f07fc568,0x00000000f0800000)
  to   space 10240K, 0% used [0x00000000ef580000,0x00000000ef580000,0x00000000eff80000)
 ParOldGen       total 32768K, used 11999K [0x00000000c0000000, 0x00000000c2000000, 0x00000000eab00000)
  object space 32768K, 36% used [0x00000000c0000000,0x00000000c0bb7d60,0x00000000c2000000)
 Metaspace       used 15882K, capacity 15982K, committed 16000K, reserved 1062912K
  class space    used 1874K, capacity 1911K, committed 1920K, reserved 1048576K
}
Event: 2.537 GC heap before
{Heap before GC invocations=10 (full 1):
 PSYoungGen      total 84992K, used 84977K [0x00000000eab00000, 0x00000000f1f00000, 0x0000000100000000)
  eden space 76288K, 100% used [0x00000000eab00000,0x00000000ef580000,0x00000000ef580000)
  from space 8704K, 99% used [0x00000000eff80000,0x00000000f07fc568,0x00000000f0800000)
  to   space 10240K, 0% used [0x00000000ef580000,0x00000000ef580000,0x00000000eff80000)
 ParOldGen       total 32768K, used 11999K [0x00000000c0000000, 0x00000000c2000000, 0x00000000eab00000)
  object space 32768K, 36% used [0x00000000c0000000,0x00000000c0bb7d60,0x00000000c2000000)
 Metaspace       used 17141K, capacity 17262K, committed 17408K, reserved 1064960K
  class space    used 1994K, capacity 2039K, committed 2048K, reserved 1048576K
Event: 2.550 GC heap after
Heap after GC invocations=10 (full 1):
 PSYoungGen      total 86528K, used 10228K [0x00000000eab00000, 0x00000000f2780000, 0x0000000100000000)
  eden space 76288K, 0% used [0x00000000eab00000,0x00000000eab00000,0x00000000ef580000)
  from space 10240K, 99% used [0x00000000ef580000,0x00000000eff7d1d8,0x00000000eff80000)
  to   space 13824K, 0% used [0x00000000f1a00000,0x00000000f1a00000,0x00000000f2780000)
 ParOldGen       total 32768K, used 17630K [0x00000000c0000000, 0x00000000c2000000, 0x00000000eab00000)
  object space 32768K, 53% used [0x00000000c0000000,0x00000000c1137a38,0x00000000c2000000)
 Metaspace       used 17141K, capacity 17262K, committed 17408K, reserved 1064960K
  class space    used 1994K, capacity 2039K, committed 2048K, reserved 1048576K
}
Event: 2.683 GC heap before
{Heap before GC invocations=11 (full 1):
 PSYoungGen      total 86528K, used 86516K [0x00000000eab00000, 0x00000000f2780000, 0x0000000100000000)
  eden space 76288K, 100% used [0x00000000eab00000,0x00000000ef580000,0x00000000ef580000)
  from space 10240K, 99% used [0x00000000ef580000,0x00000000eff7d1d8,0x00000000eff80000)
  to   space 13824K, 0% used [0x00000000f1a00000,0x00000000f1a00000,0x00000000f2780000)
 ParOldGen       total 32768K, used 17630K [0x00000000c0000000, 0x00000000c2000000, 0x00000000eab00000)
  object space 32768K, 53% used [0x00000000c0000000,0x00000000c1137a38,0x00000000c2000000)
 Metaspace       used 17210K, capacity 17332K, committed 17408K, reserved 1064960K
  class space    used 1998K, capacity 2040K, committed 2048K, reserved 1048576K
Event: 2.696 GC heap after
Heap after GC invocations=11 (full 1):
 PSYoungGen      total 111616K, used 13293K [0x00000000eab00000, 0x00000000f2d80000, 0x0000000100000000)
  eden space 97792K, 0% used [0x00000000eab00000,0x00000000eab00000,0x00000000f0a80000)
  from space 13824K, 96% used [0x00000000f1a00000,0x00000000f26fb5e8,0x00000000f2780000)
  to   space 15872K, 0% used [0x00000000f0a80000,0x00000000f0a80000,0x00000000f1a00000)
 ParOldGen       total 32768K, used 22923K [0x00000000c0000000, 0x00000000c2000000, 0x00000000eab00000)
  object space 32768K, 69% used [0x00000000c0000000,0x00000000c1662f40,0x00000000c2000000)
 Metaspace       used 17210K, capacity 17332K, committed 17408K, reserved 1064960K
  class space    used 1998K, capacity 2040K, committed 2048K, reserved 1048576K
}
Event: 2.796 GC heap before
{Heap before GC invocations=12 (full 1):
 PSYoungGen      total 111616K, used 111085K [0x00000000eab00000, 0x00000000f2d80000, 0x0000000100000000)
  eden space 97792K, 100% used [0x00000000eab00000,0x00000000f0a80000,0x00000000f0a80000)
  from space 13824K, 96% used [0x00000000f1a00000,0x00000000f26fb5e8,0x00000000f2780000)
  to   space 15872K, 0% used [0x00000000f0a80000,0x00000000f0a80000,0x00000000f1a00000)
 ParOldGen       total 32768K, used 22923K [0x00000000c0000000, 0x00000000c2000000, 0x00000000eab00000)
  object space 32768K, 69% used [0x00000000c0000000,0x00000000c1662f40,0x00000000c2000000)
 Metaspace       used 17242K, capacity 17332K, committed 17408K, reserved 1064960K
  class space    used 1998K, capacity 2040K, committed 2048K, reserved 1048576K
Event: 2.807 GC heap after
Heap after GC invocations=12 (full 1):
 PSYoungGen      total 113664K, used 9662K [0x00000000eab00000, 0x00000000f4b80000, 0x0000000100000000)
  eden space 97792K, 0% used [0x00000000eab00000,0x00000000eab00000,0x00000000f0a80000)
  from space 15872K, 60% used [0x00000000f0a80000,0x00000000f13ef9f8,0x00000000f1a00000)
  to   space 15872K, 0% used [0x00000000f3c00000,0x00000000f3c00000,0x00000000f4b80000)
 ParOldGen       total 32768K, used 26450K [0x00000000c0000000, 0x00000000c2000000, 0x00000000eab00000)
  object space 32768K, 80% used [0x00000000c0000000,0x00000000c19d4a30,0x00000000c2000000)
 Metaspace       used 17242K, capacity 17332K, committed 17408K, reserved 1064960K
  class space    used 1998K, capacity 2040K, committed 2048K, reserved 1048576K
}
Event: 2.807 GC heap before
{Heap before GC invocations=13 (full 2):
 PSYoungGen      total 113664K, used 9662K [0x00000000eab00000, 0x00000000f4b80000, 0x0000000100000000)
  eden space 97792K, 0% used [0x00000000eab00000,0x00000000eab00000,0x00000000f0a80000)
  from space 15872K, 60% used [0x00000000f0a80000,0x00000000f13ef9f8,0x00000000f1a00000)
  to   space 15872K, 0% used [0x00000000f3c00000,0x00000000f3c00000,0x00000000f4b80000)
 ParOldGen       total 32768K, used 26450K [0x00000000c0000000, 0x00000000c2000000, 0x00000000eab00000)
  object space 32768K, 80% used [0x00000000c0000000,0x00000000c19d4a30,0x00000000c2000000)
 Metaspace       used 17242K, capacity 17332K, committed 17408K, reserved 1064960K
  class space    used 1998K, capacity 2040K, committed 2048K, reserved 1048576K

Deoptimization events (10 events):
Event: 2.608 Thread 0x0000000001c2e000 Uncommon trap: reason=bimorphic action=maybe_recompile pc=0x00000000032f26ec method=java.util.AbstractCollection.addAll(Ljava/util/Collection;)Z @ 19
Event: 2.609 Thread 0x0000000001c2e000 Uncommon trap: reason=bimorphic action=maybe_recompile pc=0x00000000032f26ec method=java.util.AbstractCollection.addAll(Ljava/util/Collection;)Z @ 19
Event: 2.611 Thread 0x0000000001c2e000 Uncommon trap: reason=class_check action=maybe_recompile pc=0x00000000032836c0 method=com.adobe.flash.compiler.internal.definitions.DefinitionBase.getAncestorOfType(Ljava/lang/Class;)Lcom/adobe/flash/compiler/definitions/IDefinition; @ 18
Event: 2.611 Thread 0x0000000001c2e000 Uncommon trap: reason=class_check action=maybe_recompile pc=0x00000000032836c0 method=com.adobe.flash.compiler.internal.definitions.DefinitionBase.getAncestorOfType(Ljava/lang/Class;)Lcom/adobe/flash/compiler/definitions/IDefinition; @ 18
Event: 2.611 Thread 0x0000000001c2e000 Uncommon trap: reason=class_check action=maybe_recompile pc=0x00000000032836c0 method=com.adobe.flash.compiler.internal.definitions.DefinitionBase.getAncestorOfType(Ljava/lang/Class;)Lcom/adobe/flash/compiler/definitions/IDefinition; @ 18
Event: 2.611 Thread 0x0000000001c2e000 Uncommon trap: reason=class_check action=maybe_recompile pc=0x00000000032836c0 method=com.adobe.flash.compiler.internal.definitions.DefinitionBase.getAncestorOfType(Ljava/lang/Class;)Lcom/adobe/flash/compiler/definitions/IDefinition; @ 18
Event: 2.613 Thread 0x0000000001c2e000 Uncommon trap: reason=bimorphic action=maybe_recompile pc=0x00000000032f26ec method=java.util.AbstractCollection.addAll(Ljava/util/Collection;)Z @ 19
Event: 2.624 Thread 0x0000000001c2e000 Uncommon trap: reason=bimorphic action=maybe_recompile pc=0x00000000032f26ec method=java.util.AbstractCollection.addAll(Ljava/util/Collection;)Z @ 19
Event: 2.624 Thread 0x000000005715c800 Uncommon trap: reason=unstable_if action=reinterpret pc=0x0000000003400068 method=com.adobe.flash.fonts.ADFAlgnZones.DetectEdges(Lcom/adobe/flash/fonts/ADF$ADFGlyph;IIIF[F[ILcom/adobe/flash/fonts/ADF$IntValue;[F)V @ 363
Event: 2.772 Thread 0x000000005715a000 Uncommon trap: reason=unstable_if action=reinterpret pc=0x0000000002a45c14 method=com.adobe.flash.fonts.ADFMathUtils.ADF_ABS(F)F @ 3

Internal exceptions (10 events):
Event: 0.055 Thread 0x0000000001c2e000 Exception <a 'java/lang/NoSuchMethodError': Method sun.misc.Unsafe.prefetchRead(Ljava/lang/Object;J)V name or signature does not match> (0x00000000eab0de18) thrown at [C:\re\workspace\8-2-build-windows-amd64-cygwin\jdk8u45\3627\hotspot\src\share\vm\prims\jtNﬂÈG›?
Event: 0.458 Thread 0x0000000001c2e000 Exception <a 'java/security/PrivilegedActionException'> (0x00000000eb0d3af0) thrown at [C:\re\workspace\8-2-build-windows-amd64-cygwin\jdk8u45\3627\hotspot\src\share\vm\prims\jvm.cpp, line 1382]
Event: 0.458 Thread 0x0000000001c2e000 Exception <a 'java/security/PrivilegedActionException'> (0x00000000eb0d3ca8) thrown at [C:\re\workspace\8-2-build-windows-amd64-cygwin\jdk8u45\3627\hotspot\src\share\vm\prims\jvm.cpp, line 1382]
Event: 0.458 Thread 0x0000000001c2e000 Exception <a 'java/security/PrivilegedActionException'> (0x00000000eb0d77a0) thrown at [C:\re\workspace\8-2-build-windows-amd64-cygwin\jdk8u45\3627\hotspot\src\share\vm\prims\jvm.cpp, line 1382]
Event: 0.458 Thread 0x0000000001c2e000 Exception <a 'java/security/PrivilegedActionException'> (0x00000000eb0d7958) thrown at [C:\re\workspace\8-2-build-windows-amd64-cygwin\jdk8u45\3627\hotspot\src\share\vm\prims\jvm.cpp, line 1382]
Event: 0.688 Thread 0x0000000001c2e000 Implicit null exception at 0x0000000002c931ee to 0x0000000002c93529
Event: 0.688 Thread 0x0000000001c2e000 Implicit null exception at 0x0000000002c73650 to 0x0000000002c73875
Event: 1.250 Thread 0x0000000057158000 Implicit null exception at 0x0000000002d57bea to 0x0000000002d5816d
Event: 1.251 Thread 0x0000000057158000 Implicit null exception at 0x0000000002de268b to 0x0000000002de2bcd
Event: 1.253 Thread 0x0000000057158000 Implicit null exception at 0x0000000002b39baf to 0x0000000002b39c15

Events (10 events):
Event: 2.759 Thread 0x000000005715a000 DEOPT PACKING pc=0x00000000033fdd3a sp=0x000000005a11e0b0
Event: 2.759 Thread 0x000000005715a000 DEOPT UNPACKING pc=0x000000000296747f sp=0x000000005a11de08 mode 0
Event: 2.760 Thread 0x000000005715d000 DEOPT PACKING pc=0x00000000033fdd68 sp=0x0000000059d5e4c0
Event: 2.760 Thread 0x000000005715d000 DEOPT UNPACKING pc=0x000000000296747f sp=0x0000000059d5e218 mode 0
Event: 2.772 Thread 0x000000005715a000 DEOPT PACKING pc=0x00000000033e14bd sp=0x000000005a11e150
Event: 2.772 Thread 0x000000005715a000 DEOPT UNPACKING pc=0x000000000296747f sp=0x000000005a11de70 mode 0
Event: 2.772 Thread 0x000000005715a000 Uncommon trap: trap_request=0xffffff65 fr.pc=0x0000000002a45c14
Event: 2.772 Thread 0x000000005715a000 DEOPT PACKING pc=0x0000000002a45c14 sp=0x000000005a11e0f0
Event: 2.772 Thread 0x000000005715a000 DEOPT UNPACKING pc=0x000000000296582a sp=0x000000005a11e098 mode 2
Event: 2.796 Executing VM operation: ParallelGCFailedAllocation


Dynamic libraries:
0x000000013f190000 - 0x000000013f1c7000 	C:\ProgramData\Oracle\Java\javapath\java.exe
0x0000000077380000 - 0x0000000077529000 	C:\Windows\SYSTEM32\ntdll.dll
0x0000000077260000 - 0x000000007737f000 	C:\Windows\system32\kernel32.dll
0x000007fefd480000 - 0x000007fefd4ec000 	C:\Windows\system32\KERNELBASE.dll
0x000007fefdad0000 - 0x000007fefdbab000 	C:\Windows\system32\ADVAPI32.dll
0x000007feff5f0000 - 0x000007feff68f000 	C:\Windows\system32\msvcrt.dll
0x000007fefe410000 - 0x000007fefe42f000 	C:\Windows\SYSTEM32\sechost.dll
0x000007fefddc0000 - 0x000007fefdeed000 	C:\Windows\system32\RPCRT4.dll
0x0000000077160000 - 0x000000007725a000 	C:\Windows\system32\USER32.dll
0x000007fefd820000 - 0x000007fefd887000 	C:\Windows\system32\GDI32.dll
0x000007fefdfb0000 - 0x000007fefdfbe000 	C:\Windows\system32\LPK.dll
0x000007fefd750000 - 0x000007fefd819000 	C:\Windows\system32\USP10.dll
0x000007fefbb20000 - 0x000007fefbd14000 	C:\Windows\WinSxS\amd64_microsoft.windows.common-controls_6595b64144ccf1df_6.0.7601.18837_none_fa3b1e3d17594757\COMCTL32.dll
0x000007fefe070000 - 0x000007fefe0e1000 	C:\Windows\system32\SHLWAPI.dll
0x000007fefe0f0000 - 0x000007fefe11e000 	C:\Windows\system32\IMM32.DLL
0x000007feff1c0000 - 0x000007feff2c9000 	C:\Windows\system32\MSCTF.dll
0x00000000711f0000 - 0x00000000712c2000 	C:\Program Files\Java\jre1.8.0_45\bin\msvcr100.dll
0x000000006c020000 - 0x000000006c8a3000 	C:\Program Files\Java\jre1.8.0_45\bin\server\jvm.dll
0x000007fefbe50000 - 0x000007fefbe59000 	C:\Windows\system32\WSOCK32.dll
0x000007feff2d0000 - 0x000007feff31d000 	C:\Windows\system32\WS2_32.dll
0x000007fefdfc0000 - 0x000007fefdfc8000 	C:\Windows\system32\NSI.dll
0x000007fefa320000 - 0x000007fefa35b000 	C:\Windows\system32\WINMM.dll
0x000007fefc1b0000 - 0x000007fefc1bc000 	C:\Windows\system32\VERSION.dll
0x0000000077550000 - 0x0000000077557000 	C:\Windows\system32\PSAPI.DLL
0x0000000072c40000 - 0x0000000072c4f000 	C:\Program Files\Java\jre1.8.0_45\bin\verify.dll
0x0000000071e40000 - 0x0000000071e69000 	C:\Program Files\Java\jre1.8.0_45\bin\java.dll
0x0000000072200000 - 0x0000000072216000 	C:\Program Files\Java\jre1.8.0_45\bin\zip.dll
0x000007fefe430000 - 0x000007feff1b9000 	C:\Windows\system32\SHELL32.dll
0x000007fefe120000 - 0x000007fefe323000 	C:\Windows\system32\ole32.dll
0x000007fefd140000 - 0x000007fefd14f000 	C:\Windows\system32\profapi.dll
0x000007feee7a0000 - 0x000007feee8c5000 	C:\Windows\system32\dbghelp.dll

VM Arguments:
jvm_args: -Dsun.io.useCanonCaches=false -Xms32m -Xmx1024m -Dflexlib=C:\Users\Nina\Downloads\AIRSDK_Compiler\bin\..\frameworks 
java_command: C:\Users\Nina\Downloads\AIRSDK_Compiler\bin\..\lib\mxmlc-cli.jar +configname=air src/ikutursomain.as -o src/ikutursomain.swf -compiler.include-libraries C:\Users\Nina\Downloads\AIRSDK_Compiler\bin -use-network=false -verbose-stacktraces=true -debug=true -advanced-telemetry -omit-trace-statements=false -define=CONFIG::debug,false -define=CONFIG::test,true -define=CONFIG::mute,false -define=CONFIG::windowed,false -define=CONFIG::disable_saves,false -define=CONFIG::short_dialogue,true -define=CONFIG::quick_levels,false
java_class_path (initial): C:\Users\Nina\Downloads\AIRSDK_Compiler\bin\..\lib\mxmlc-cli.jar
Launcher Type: SUN_STANDARD

Environment Variables:
PATH=C:\Program Files\Common Files\Microsoft Shared\Windows Live;C:\Program Files (x86)\Common Files\Microsoft Shared\Windows Live;C:\ProgramData\Oracle\Java\javapath;C:\Windows\system32;C:\Windows;C:\Windows\System32\Wbem;C:\Windows\System32\WindowsPowerShell\v1.0\;C:\Program Files\Perforce;C:\Program Files (x86)\NVIDIA Corporation\PhysX\Common;C:\Program Files (x86)\Windows Live\Shared;C:\Program Files\Common Files\Microsoft Shared\Windows Live;C:\Program Files (x86)\Common Files\Microsoft Shared\Windows Live;C:\ProgramData\Oracle\Java\javapath;C:\Windows\system32;C:\Windows;C:\Windows\System32\Wbem;C:\Windows\System32\WindowsPowerShell\v1.0\;C:\Program Files\Perforce;C:\Program Files (x86)\NVIDIA Corporation\PhysX\Common;C:\Program Files (x86)\Windows Live\Shared;C:\Users\Nina\Downloads\AIRSDK_Compiler\bin;C:\Python27
USERNAME=Nina
OS=Windows_NT
PROCESSOR_IDENTIFIER=AMD64 Family 16 Model 10 Stepping 0, AuthenticAMD



---------------  S Y S T E M  ---------------

OS: Windows 7 , 64 bit Build 7601 (6.1.7601.18933)

CPU:total 6 (6 cores per cpu, 1 threads per core) family 16 model 10 stepping 0, cmov, cx8, fxsr, mmx, sse, sse2, sse3, popcnt, mmxext, 3dnowpref, lzcnt, sse4a, tsc, tscinvbit, tscinv

Memory: 4k page, physical 8386104k(6510892k free), swap 16770368k(14334996k free)

vm_info: Java HotSpot(TM) 64-Bit Server VM (25.45-b02) for windows-amd64 JRE (1.8.0_45-b15), built on Apr 30 2015 12:40:44 by "java_re" with MS VC++ 10.0 (VS2010)

time: Thu Sep 24 20:05:38 2015
elapsed time: 2 seconds (0d 0h 0m 2s)

